This is pdfTeX, Version 3.141592653-2.6-1.40.25 (MiKTeX 23.10.12) (preloaded format=pdflatex 2023.12.6)  2 JAN 2024 23:01
entering extended mode
 restricted \write18 enabled.
 file:line:error style messages enabled.
 %&-line parsing enabled.
**"e:/NAUKA/STUDIA/Praca InĹĽynierska/LateX/PracaDyplomowa.tex"
(e:/NAUKA/STUDIA/Praca InĹĽynierska/LateX/PracaDyplomowa.tex
LaTeX2e <2023-11-01>
L3 programming layer <2023-11-09>
(C:\Users\szymo\AppData\Local\Programs\MiKTeX\tex/latex/base\book.cls
Document Class: book 2023/05/17 v1.4n Standard LaTeX document class
(C:\Users\szymo\AppData\Local\Programs\MiKTeX\tex/latex/base\bk12.clo
File: bk12.clo 2023/05/17 v1.4n Standard LaTeX file (size option)
)
\c@part=\count186
\c@chapter=\count187
\c@section=\count188
\c@subsection=\count189
\c@subsubsection=\count190
\c@paragraph=\count191
\c@subparagraph=\count192
\c@figure=\count193
\c@table=\count194
\abovecaptionskip=\skip48
\belowcaptionskip=\skip49
\bibindent=\dimen140
)

LaTeX Warning: \include should only be used after \begin{document} on input line 37.

(Konfiguracja.tex (C:\Users\szymo\AppData\Local\Programs\MiKTeX\tex/latex/carlito\carlito.sty
Package: carlito 2022/10/05 (Bob Tennent) Supports Carlito fonts for LaTeX, pdfLaTeX, luaLaTeX and xeLaTeX.
 (C:\Users\szymo\AppData\Local\Programs\MiKTeX\tex/generic/iftex\ifxetex.sty
Package: ifxetex 2019/10/25 v0.7 ifxetex legacy package. Use iftex instead.
 (C:\Users\szymo\AppData\Local\Programs\MiKTeX\tex/generic/iftex\iftex.sty
Package: iftex 2022/02/03 v1.0f TeX engine tests
)) (C:\Users\szymo\AppData\Local\Programs\MiKTeX\tex/generic/iftex\ifluatex.sty
Package: ifluatex 2019/10/25 v1.5 ifluatex legacy package. Use iftex instead.
) (C:\Users\szymo\AppData\Local\Programs\MiKTeX\tex/latex/xkeyval\xkeyval.sty
Package: xkeyval 2022/06/16 v2.9 package option processing (HA)
 (C:\Users\szymo\AppData\Local\Programs\MiKTeX\tex/generic/xkeyval\xkeyval.tex (C:\Users\szymo\AppData\Local\Programs\MiKTeX\tex/generic/xkeyval\xkvutils.tex
\XKV@toks=\toks17
\XKV@tempa@toks=\toks18
 (C:\Users\szymo\AppData\Local\Programs\MiKTeX\tex/generic/xkeyval\keyval.tex))
\XKV@depth=\count195
File: xkeyval.tex 2014/12/03 v2.7a key=value parser (HA)
)) (C:\Users\szymo\AppData\Local\Programs\MiKTeX\tex/latex/base\textcomp.sty
Package: textcomp 2020/02/02 v2.0n Standard LaTeX package
) (C:\Users\szymo\AppData\Local\Programs\MiKTeX\tex/latex/base\fontenc.sty
Package: fontenc 2021/04/29 v2.0v Standard LaTeX package
) (C:\Users\szymo\AppData\Local\Programs\MiKTeX\tex/latex/fontaxes\fontaxes.sty
Package: fontaxes 2020/07/21 v1.0e Font selection axes
LaTeX Info: Redefining \upshape on input line 29.
LaTeX Info: Redefining \itshape on input line 31.
LaTeX Info: Redefining \slshape on input line 33.
LaTeX Info: Redefining \swshape on input line 35.
LaTeX Info: Redefining \scshape on input line 37.
LaTeX Info: Redefining \sscshape on input line 39.
LaTeX Info: Redefining \ulcshape on input line 41.
LaTeX Info: Redefining \textsw on input line 47.
LaTeX Info: Redefining \textssc on input line 48.
LaTeX Info: Redefining \textulc on input line 49.
)) (C:\Users\szymo\AppData\Local\Programs\MiKTeX\tex/latex/polski\polski.sty
Package: polski 2021/08/25 v1.3.6 Polish language package

   Switching to Polish text encoding and Polish maths fonts.
(C:\Users\szymo\AppData\Local\Programs\MiKTeX\tex/latex/base\ot4enc.def
File: ot4enc.def 2021/04/29 v2.0v Standard LaTeX file
Now handling font encoding OT4 ...
... no UTF-8 mapping file for font encoding OT4
)
LaTeX Font Info:    Trying to load font information for OT4+cmr on input line 362.
 (C:\Users\szymo\AppData\Local\Programs\MiKTeX\tex/latex/polski\ot4cmr.fd
File: ot4cmr.fd 2008/02/24 v1.2.1 Font defs for fonts PL (MW)
)
LaTeX Font Info:    Overwriting math alphabet `\mathbf' in version `normal'
(Font)                  OT1/cmr/bx/n --> OT4/cmr/bx/n on input line 362.
LaTeX Font Info:    Overwriting math alphabet `\mathsf' in version `normal'
(Font)                  OT1/cmss/m/n --> OT4/cmss/m/n on input line 362.
LaTeX Font Info:    Overwriting math alphabet `\mathit' in version `normal'
(Font)                  OT1/cmr/m/it --> OT4/cmr/m/it on input line 362.
LaTeX Font Info:    Overwriting math alphabet `\mathtt' in version `normal'
(Font)                  OT1/cmtt/m/n --> OT4/cmtt/m/n on input line 362.
LaTeX Font Info:    Overwriting math alphabet `\mathsf' in version `bold'
(Font)                  OT1/cmss/bx/n --> OT4/cmss/bx/n on input line 362.
LaTeX Font Info:    Overwriting math alphabet `\mathit' in version `bold'
(Font)                  OT1/cmr/bx/it --> OT4/cmr/bx/it on input line 362.
LaTeX Font Info:    Encoding `OT1' has changed to `OT4' for symbol font
(Font)              `operators' in the math version `normal' on input line 362.
LaTeX Font Info:    Overwriting symbol font `operators' in version `normal'
(Font)                  OT1/cmr/m/n --> OT4/cmr/m/n on input line 362.
LaTeX Font Info:    Overwriting symbol font `letters' in version `normal'
(Font)                  OML/cmm/m/it --> OML/plm/m/it on input line 362.
LaTeX Font Info:    Overwriting symbol font `symbols' in version `normal'
(Font)                  OMS/cmsy/m/n --> OMS/plsy/m/n on input line 362.
LaTeX Font Info:    Overwriting symbol font `largesymbols' in version `normal'
(Font)                  OMX/cmex/m/n --> OMX/plex/m/n on input line 362.
LaTeX Font Info:    Encoding `OT1' has changed to `OT4' for symbol font
(Font)              `operators' in the math version `bold' on input line 362.
LaTeX Font Info:    Overwriting symbol font `operators' in version `bold'
(Font)                  OT1/cmr/bx/n --> OT4/cmr/bx/n on input line 362.
LaTeX Font Info:    Overwriting symbol font `letters' in version `bold'
(Font)                  OML/cmm/b/it --> OML/plm/b/it on input line 362.
LaTeX Font Info:    Overwriting symbol font `symbols' in version `bold'
(Font)                  OMS/cmsy/b/n --> OMS/plsy/b/n on input line 362.
) (C:\Users\szymo\AppData\Local\Programs\MiKTeX\tex/latex/secdot\secdot.sty
Package: secdot 2000/06/20 v1.0 section numbers with dots
) (C:\Users\szymo\AppData\Local\Programs\MiKTeX\tex/latex/hyperref\hyperref.sty
Package: hyperref 2023-11-26 v7.01g Hypertext links for LaTeX
 (C:\Users\szymo\AppData\Local\Programs\MiKTeX\tex/generic/infwarerr\infwarerr.sty
Package: infwarerr 2019/12/03 v1.5 Providing info/warning/error messages (HO)
) (C:\Users\szymo\AppData\Local\Programs\MiKTeX\tex/latex/kvsetkeys\kvsetkeys.sty
Package: kvsetkeys 2022-10-05 v1.19 Key value parser (HO)
) (C:\Users\szymo\AppData\Local\Programs\MiKTeX\tex/generic/kvdefinekeys\kvdefinekeys.sty
Package: kvdefinekeys 2019-12-19 v1.6 Define keys (HO)
) (C:\Users\szymo\AppData\Local\Programs\MiKTeX\tex/generic/pdfescape\pdfescape.sty
Package: pdfescape 2019/12/09 v1.15 Implements pdfTeX's escape features (HO)
 (C:\Users\szymo\AppData\Local\Programs\MiKTeX\tex/generic/ltxcmds\ltxcmds.sty
Package: ltxcmds 2020-05-10 v1.25 LaTeX kernel commands for general use (HO)
) (C:\Users\szymo\AppData\Local\Programs\MiKTeX\tex/generic/pdftexcmds\pdftexcmds.sty
Package: pdftexcmds 2020-06-27 v0.33 Utility functions of pdfTeX for LuaTeX (HO)
Package pdftexcmds Info: \pdf@primitive is available.
Package pdftexcmds Info: \pdf@ifprimitive is available.
Package pdftexcmds Info: \pdfdraftmode found.
)) (C:\Users\szymo\AppData\Local\Programs\MiKTeX\tex/latex/hycolor\hycolor.sty
Package: hycolor 2020-01-27 v1.10 Color options for hyperref/bookmark (HO)
) (C:\Users\szymo\AppData\Local\Programs\MiKTeX\tex/latex/letltxmacro\letltxmacro.sty
Package: letltxmacro 2019/12/03 v1.6 Let assignment for LaTeX macros (HO)
) (C:\Users\szymo\AppData\Local\Programs\MiKTeX\tex/latex/auxhook\auxhook.sty
Package: auxhook 2019-12-17 v1.6 Hooks for auxiliary files (HO)
) (C:\Users\szymo\AppData\Local\Programs\MiKTeX\tex/latex/hyperref\nameref.sty
Package: nameref 2023-11-26 v2.56 Cross-referencing by name of section
 (C:\Users\szymo\AppData\Local\Programs\MiKTeX\tex/latex/refcount\refcount.sty
Package: refcount 2019/12/15 v3.6 Data extraction from label references (HO)
) (C:\Users\szymo\AppData\Local\Programs\MiKTeX\tex/generic/gettitlestring\gettitlestring.sty
Package: gettitlestring 2019/12/15 v1.6 Cleanup title references (HO)
 (C:\Users\szymo\AppData\Local\Programs\MiKTeX\tex/latex/kvoptions\kvoptions.sty
Package: kvoptions 2022-06-15 v3.15 Key value format for package options (HO)
))
\c@section@level=\count196
) (C:\Users\szymo\AppData\Local\Programs\MiKTeX\tex/latex/etoolbox\etoolbox.sty
Package: etoolbox 2020/10/05 v2.5k e-TeX tools for LaTeX (JAW)
\etb@tempcnta=\count197
)
\@linkdim=\dimen141
\Hy@linkcounter=\count198
\Hy@pagecounter=\count199
 (C:\Users\szymo\AppData\Local\Programs\MiKTeX\tex/latex/hyperref\pd1enc.def
File: pd1enc.def 2023-11-26 v7.01g Hyperref: PDFDocEncoding definition (HO)
Now handling font encoding PD1 ...
... no UTF-8 mapping file for font encoding PD1
) (C:\Users\szymo\AppData\Local\Programs\MiKTeX\tex/generic/intcalc\intcalc.sty
Package: intcalc 2019/12/15 v1.3 Expandable calculations with integers (HO)
)
\Hy@SavedSpaceFactor=\count266
 (C:\Users\szymo\AppData\Local\Programs\MiKTeX\tex/latex/hyperref\puenc.def
File: puenc.def 2023-11-26 v7.01g Hyperref: PDF Unicode definition (HO)
Now handling font encoding PU ...
... no UTF-8 mapping file for font encoding PU
)
Package hyperref Info: Option `final' set `true' on input line 4064.
Package hyperref Info: Option `colorlinks' set `true' on input line 4064.
Package hyperref Info: Hyper figures OFF on input line 4181.
Package hyperref Info: Link nesting OFF on input line 4186.
Package hyperref Info: Hyper index ON on input line 4189.
Package hyperref Info: Plain pages OFF on input line 4196.
Package hyperref Info: Backreferencing OFF on input line 4201.
Package hyperref Info: Implicit mode ON; LaTeX internals redefined.
Package hyperref Info: Bookmarks ON on input line 4448.
\c@Hy@tempcnt=\count267
 (C:\Users\szymo\AppData\Local\Programs\MiKTeX\tex/latex/url\url.sty
\Urlmuskip=\muskip16
Package: url 2013/09/16  ver 3.4  Verb mode for urls, etc.
)
LaTeX Info: Redefining \url on input line 4786.
\XeTeXLinkMargin=\dimen142
 (C:\Users\szymo\AppData\Local\Programs\MiKTeX\tex/generic/bitset\bitset.sty
Package: bitset 2019/12/09 v1.3 Handle bit-vector datatype (HO)
 (C:\Users\szymo\AppData\Local\Programs\MiKTeX\tex/generic/bigintcalc\bigintcalc.sty
Package: bigintcalc 2019/12/15 v1.5 Expandable calculations on big integers (HO)
))
\Fld@menulength=\count268
\Field@Width=\dimen143
\Fld@charsize=\dimen144
Package hyperref Info: Hyper figures OFF on input line 6065.
Package hyperref Info: Link nesting OFF on input line 6070.
Package hyperref Info: Hyper index ON on input line 6073.
Package hyperref Info: backreferencing OFF on input line 6080.
Package hyperref Info: Link coloring ON on input line 6083.
Package hyperref Info: Link coloring with OCG OFF on input line 6090.
Package hyperref Info: PDF/A mode OFF on input line 6095.
 (C:\Users\szymo\AppData\Local\Programs\MiKTeX\tex/latex/base\atbegshi-ltx.sty
Package: atbegshi-ltx 2021/01/10 v1.0c Emulation of the original atbegshi
package with kernel methods
)
\Hy@abspage=\count269
\c@Item=\count270
\c@Hfootnote=\count271
)
Package hyperref Info: Driver (autodetected): hpdftex.
 (C:\Users\szymo\AppData\Local\Programs\MiKTeX\tex/latex/hyperref\hpdftex.def
File: hpdftex.def 2023-11-26 v7.01g Hyperref driver for pdfTeX
 (C:\Users\szymo\AppData\Local\Programs\MiKTeX\tex/latex/base\atveryend-ltx.sty
Package: atveryend-ltx 2020/08/19 v1.0a Emulation of the original atveryend package
with kernel methods
)
\Fld@listcount=\count272
\c@bookmark@seq@number=\count273
 (C:\Users\szymo\AppData\Local\Programs\MiKTeX\tex/latex/rerunfilecheck\rerunfilecheck.sty
Package: rerunfilecheck 2022-07-10 v1.10 Rerun checks for auxiliary files (HO)
 (C:\Users\szymo\AppData\Local\Programs\MiKTeX\tex/generic/uniquecounter\uniquecounter.sty
Package: uniquecounter 2019/12/15 v1.4 Provide unlimited unique counter (HO)
)
Package uniquecounter Info: New unique counter `rerunfilecheck' on input line 285.
)
\Hy@SectionHShift=\skip50
) (C:\Users\szymo\AppData\Local\Programs\MiKTeX\tex/latex/bookmark\bookmark.sty
Package: bookmark 2020-11-06 v1.29 PDF bookmarks (HO)
 (C:\Users\szymo\AppData\Local\Programs\MiKTeX\tex/latex/bookmark\bkm-pdftex.def
File: bkm-pdftex.def 2020-11-06 v1.29 bookmark driver for pdfTeX (HO)
\BKM@id=\count274
))
\c@EndOfTOC=\count275
 (C:\Users\szymo\AppData\Local\Programs\MiKTeX\tex/latex/geometry\geometry.sty
Package: geometry 2020/01/02 v5.9 Page Geometry
 (C:\Users\szymo\AppData\Local\Programs\MiKTeX\tex/generic/iftex\ifvtex.sty
Package: ifvtex 2019/10/25 v1.7 ifvtex legacy package. Use iftex instead.
)
\Gm@cnth=\count276
\Gm@cntv=\count277
\c@Gm@tempcnt=\count278
\Gm@bindingoffset=\dimen145
\Gm@wd@mp=\dimen146
\Gm@odd@mp=\dimen147
\Gm@even@mp=\dimen148
\Gm@layoutwidth=\dimen149
\Gm@layoutheight=\dimen150
\Gm@layouthoffset=\dimen151
\Gm@layoutvoffset=\dimen152
\Gm@dimlist=\toks19
 (C:\Users\szymo\AppData\Local\Programs\MiKTeX\tex/latex/geometry\geometry.cfg)) (C:\Users\szymo\AppData\Local\Programs\MiKTeX\tex/latex/fancyhdr\fancyhdr.sty
Package: fancyhdr 2022/11/09 v4.1 Extensive control of page headers and footers
\f@nch@headwidth=\skip51
\f@nch@O@elh=\skip52
\f@nch@O@erh=\skip53
\f@nch@O@olh=\skip54
\f@nch@O@orh=\skip55
\f@nch@O@elf=\skip56
\f@nch@O@erf=\skip57
\f@nch@O@olf=\skip58
\f@nch@O@orf=\skip59
) (C:\Users\szymo\AppData\Local\Programs\MiKTeX\tex/latex/tocloft\tocloft.sty
Package: tocloft 2017/08/31 v2.3i parameterised ToC, etc., typesetting
Package tocloft Info: The document has chapter divisions on input line 51.
\cftparskip=\skip60
\cftbeforetoctitleskip=\skip61
\cftaftertoctitleskip=\skip62
\cftbeforepartskip=\skip63
\cftpartnumwidth=\skip64
\cftpartindent=\skip65
\cftbeforechapskip=\skip66
\cftchapindent=\skip67
\cftchapnumwidth=\skip68
\cftbeforesecskip=\skip69
\cftsecindent=\skip70
\cftsecnumwidth=\skip71
\cftbeforesubsecskip=\skip72
\cftsubsecindent=\skip73
\cftsubsecnumwidth=\skip74
\cftbeforesubsubsecskip=\skip75
\cftsubsubsecindent=\skip76
\cftsubsubsecnumwidth=\skip77
\cftbeforeparaskip=\skip78
\cftparaindent=\skip79
\cftparanumwidth=\skip80
\cftbeforesubparaskip=\skip81
\cftsubparaindent=\skip82
\cftsubparanumwidth=\skip83
\cftbeforeloftitleskip=\skip84
\cftafterloftitleskip=\skip85
\cftbeforefigskip=\skip86
\cftfigindent=\skip87
\cftfignumwidth=\skip88
\c@lofdepth=\count279
\c@lotdepth=\count280
\cftbeforelottitleskip=\skip89
\cftafterlottitleskip=\skip90
\cftbeforetabskip=\skip91
\cfttabindent=\skip92
\cfttabnumwidth=\skip93
) (C:\Users\szymo\AppData\Local\Programs\MiKTeX\tex/latex/graphics\graphicx.sty
Package: graphicx 2021/09/16 v1.2d Enhanced LaTeX Graphics (DPC,SPQR)
 (C:\Users\szymo\AppData\Local\Programs\MiKTeX\tex/latex/graphics\graphics.sty
Package: graphics 2022/03/10 v1.4e Standard LaTeX Graphics (DPC,SPQR)
 (C:\Users\szymo\AppData\Local\Programs\MiKTeX\tex/latex/graphics\trig.sty
Package: trig 2021/08/11 v1.11 sin cos tan (DPC)
) (C:\Users\szymo\AppData\Local\Programs\MiKTeX\tex/latex/graphics-cfg\graphics.cfg
File: graphics.cfg 2016/06/04 v1.11 sample graphics configuration
)
Package graphics Info: Driver file: pdftex.def on input line 107.
 (C:\Users\szymo\AppData\Local\Programs\MiKTeX\tex/latex/graphics-def\pdftex.def
File: pdftex.def 2022/09/22 v1.2b Graphics/color driver for pdftex
))
\Gin@req@height=\dimen153
\Gin@req@width=\dimen154
) (C:\Users\szymo\AppData\Local\Programs\MiKTeX\tex/latex/subfig\subfig.sty
Package: subfig 2005/06/28 ver: 1.3 subfig package
 (C:\Users\szymo\AppData\Local\Programs\MiKTeX\tex/latex/caption\caption.sty
Package: caption 2023/08/05 v3.6o Customizing captions (AR)
 (C:\Users\szymo\AppData\Local\Programs\MiKTeX\tex/latex/caption\caption3.sty
Package: caption3 2023/07/31 v2.4d caption3 kernel (AR)
\caption@tempdima=\dimen155
\captionmargin=\dimen156
\caption@leftmargin=\dimen157
\caption@rightmargin=\dimen158
\caption@width=\dimen159
\caption@indent=\dimen160
\caption@parindent=\dimen161
\caption@hangindent=\dimen162
Package caption Info: Standard document class detected.
)
\c@caption@flags=\count281
\c@continuedfloat=\count282
Package caption Info: hyperref package is loaded.
)
\c@KVtest=\count283
\sf@farskip=\skip94
\sf@captopadj=\dimen163
\sf@capskip=\skip95
\sf@nearskip=\skip96
\c@subfigure=\count284
\c@subfigure@save=\count285
\c@subtable=\count286
\c@subtable@save=\count287
\sf@top=\skip97
\sf@bottom=\skip98
) (C:\Users\szymo\AppData\Local\Programs\MiKTeX\tex/latex/base\makeidx.sty
Package: makeidx 2021/10/04 v1.0m Standard LaTeX package
)
\@indexfile=\write3
\openout3 = `PracaDyplomowa.idx'.


Writing index file PracaDyplomowa.idx
(C:\Users\szymo\AppData\Local\Programs\MiKTeX\tex/latex/idxlayout\idxlayout.sty
Package: idxlayout 2012/03/30 v0.4d Configurable index layout
 (C:\Users\szymo\AppData\Local\Programs\MiKTeX\tex/latex/tools\multicol.sty
Package: multicol 2023/03/30 v1.9f multicolumn formatting (FMi)
\c@tracingmulticols=\count288
\mult@box=\box51
\multicol@leftmargin=\dimen164
\c@unbalance=\count289
\c@collectmore=\count290
\doublecol@number=\count291
\multicoltolerance=\count292
\multicolpretolerance=\count293
\full@width=\dimen165
\page@free=\dimen166
\premulticols=\dimen167
\postmulticols=\dimen168
\multicolsep=\skip99
\multicolbaselineskip=\skip100
\partial@page=\box52
\last@line=\box53
\mc@boxedresult=\box54
\maxbalancingoverflow=\dimen169
\mult@rightbox=\box55
\mult@grightbox=\box56
\mult@firstbox=\box57
\mult@gfirstbox=\box58
\@tempa=\box59
\@tempa=\box60
\@tempa=\box61
\@tempa=\box62
\@tempa=\box63
\@tempa=\box64
\@tempa=\box65
\@tempa=\box66
\@tempa=\box67
\@tempa=\box68
\@tempa=\box69
\@tempa=\box70
\@tempa=\box71
\@tempa=\box72
\@tempa=\box73
\@tempa=\box74
\@tempa=\box75
\@tempa=\box76
\@tempa=\box77
\@tempa=\box78
\@tempa=\box79
\@tempa=\box80
\@tempa=\box81
\@tempa=\box82
\@tempa=\box83
\@tempa=\box84
\@tempa=\box85
\@tempa=\box86
\@tempa=\box87
\@tempa=\box88
\@tempa=\box89
\@tempa=\box90
\@tempa=\box91
\@tempa=\box92
\@tempa=\box93
\@tempa=\box94
\c@minrows=\count294
\c@columnbadness=\count295
\c@finalcolumnbadness=\count296
\last@try=\dimen170
\multicolovershoot=\dimen171
\multicolundershoot=\dimen172
\mult@nat@firstbox=\box95
\colbreak@box=\box96
\mc@col@check@num=\count297
)
\c@idxcols=\count298
\indexcolsep=\skip101
\indexrule=\skip102
\ila@indentunit=\skip103
\ila@initsep=\skip104
) (C:\Users\szymo\AppData\Local\Programs\MiKTeX\tex/latex/nomencl\nomencl.sty
Package: nomencl 2021/11/10 v5.6 Nomenclature package
 (C:\Users\szymo\AppData\Local\Programs\MiKTeX\tex/latex/base\ifthen.sty
Package: ifthen 2022/04/13 v1.1d Standard LaTeX ifthen package (DPC)
) (C:\Users\szymo\AppData\Local\Programs\MiKTeX\tex/latex/koma-script\tocbasic.sty
Package: tocbasic 2023/07/07 v3.41 KOMA-Script package (handling toc-files)
 (C:\Users\szymo\AppData\Local\Programs\MiKTeX\tex/latex/koma-script\scrbase.sty
Package: scrbase 2023/07/07 v3.41 KOMA-Script package (KOMA-Script-independent basics and keyval usage)
 (C:\Users\szymo\AppData\Local\Programs\MiKTeX\tex/latex/koma-script\scrlfile.sty
Package: scrlfile 2023/07/07 v3.41 KOMA-Script package (file load hooks)
 (C:\Users\szymo\AppData\Local\Programs\MiKTeX\tex/latex/koma-script\scrlfile-hook.sty
Package: scrlfile-hook 2023/07/07 v3.41 KOMA-Script package (using LaTeX hooks)
 (C:\Users\szymo\AppData\Local\Programs\MiKTeX\tex/latex/koma-script\scrlogo.sty
Package: scrlogo 2023/07/07 v3.41 KOMA-Script package (logo)
)))
Applying: [2021/05/01] Usage of raw or classic option list on input line 252.
Already applied: [0000/00/00] Usage of raw or classic option list on input line 368.
)
\scr@dte@tocline@numberwidth=\skip105
\scr@dte@tocline@numbox=\box97
)
Package tocbasic Info: omitting babel extension for `nlo'
(tocbasic)             because of missing \bbl@set@language on input line 187.
Package tocbasic Info: omitting babel extension for `nls'
(tocbasic)             because of missing \bbl@set@language on input line 188.
\nomlabelwidth=\dimen173
\nom@tempdim=\dimen174
\nomitemsep=\skip106
)
\@nomenclaturefile=\write4
\openout4 = `PracaDyplomowa.nlo'.

Package nomencl Info: Writing nomenclature file PracaDyplomowa.nlo on input line 131.
 (C:\Users\szymo\AppData\Local\Programs\MiKTeX\tex/latex/enumitem\enumitem.sty
Package: enumitem 2019/06/20 v3.9 Customized lists
\enitkv@toks@=\toks20
\labelindent=\skip107
\enit@outerparindent=\dimen175
\enit@toks=\toks21
\enit@inbox=\box98
\enit@count@id=\count299
\enitdp@description=\count300
)
\c@inparaenumi=\count301
\c@inparaenumii=\count302
\c@inparaenumiii=\count303
\enitdp@inparaenum=\count304
 (C:\Users\szymo\AppData\Local\Programs\MiKTeX\tex/latex/fancyvrb\fancyvrb.sty
Package: fancyvrb 2023/11/06 4.5b verbatim text (tvz,hv)
\FV@CodeLineNo=\count305
\FV@InFile=\read2
\FV@TabBox=\box99
\c@FancyVerbLine=\count306
\FV@StepNumber=\count307
\FV@OutFile=\write5
) (C:\Users\szymo\AppData\Local\Programs\MiKTeX\tex/latex/listings\listings.sty
\lst@mode=\count308
\lst@gtempboxa=\box100
\lst@token=\toks22
\lst@length=\count309
\lst@currlwidth=\dimen176
\lst@column=\count310
\lst@pos=\count311
\lst@lostspace=\dimen177
\lst@width=\dimen178
\lst@newlines=\count312
\lst@lineno=\count313
\lst@maxwidth=\dimen179
 (C:\Users\szymo\AppData\Local\Programs\MiKTeX\tex/latex/listings\lstmisc.sty
File: lstmisc.sty 2023/02/27 1.9 (Carsten Heinz)
\c@lstnumber=\count314
\lst@skipnumbers=\count315
\lst@framebox=\box101
) (C:\Users\szymo\AppData\Local\Programs\MiKTeX\tex/latex/listings\listings.cfg
File: listings.cfg 2023/02/27 1.9 listings configuration
))
Package: listings 2023/02/27 1.9 (Carsten Heinz)
 (C:\Users\szymo\AppData\Local\Programs\MiKTeX\tex/latex/listingsutf8\listingsutf8.sty
Package: listingsutf8 2019-12-10 v1.5 Allow UTF-8 in listings input (HO)
 (C:\Users\szymo\AppData\Local\Programs\MiKTeX\tex/generic/stringenc\stringenc.sty
Package: stringenc 2019/11/29 v1.12 Convert strings between diff. encodings (HO)
)) (C:\Users\szymo\AppData\Local\Programs\MiKTeX\tex/latex/xpatch\xpatch.sty (C:\Users\szymo\AppData\Local\Programs\MiKTeX\tex/latex/l3kernel\expl3.sty
Package: expl3 2023-11-09 L3 programming layer (loader) 
 (C:\Users\szymo\AppData\Local\Programs\MiKTeX\tex/latex/l3backend\l3backend-pdftex.def
File: l3backend-pdftex.def 2023-11-09 L3 backend support: PDF output (pdfTeX)
\l__color_backend_stack_int=\count316
\l__pdf_internal_box=\box102
))
Package: xpatch 2020/03/25 v0.3a Extending etoolbox patching commands
 (C:\Users\szymo\AppData\Local\Programs\MiKTeX\tex/latex/l3packages/xparse\xparse.sty
Package: xparse 2023-10-10 L3 Experimental document command parser
)) (C:\Users\szymo\AppData\Local\Programs\MiKTeX\tex/latex/cite\cite.sty
LaTeX Info: Redefining \cite on input line 302.
LaTeX Info: Redefining \nocite on input line 332.
Package: cite 2015/02/27  v 5.5
) (C:\Users\szymo\AppData\Local\Programs\MiKTeX\tex/latex/tools\array.sty
Package: array 2023/10/16 v2.5g Tabular extension package (FMi)
\col@sep=\dimen180
\ar@mcellbox=\box103
\extrarowheight=\dimen181
\NC@list=\toks23
\extratabsurround=\skip108
\backup@length=\skip109
\ar@cellbox=\box104
)) (C:\Users\szymo\AppData\Local\Programs\MiKTeX\tex/latex/multirow\multirow.sty
Package: multirow 2021/03/15 v2.8 Span multiple rows of a table
\multirow@colwidth=\skip110
\multirow@cntb=\count317
\multirow@dima=\skip111
\bigstrutjot=\dimen182
) (C:\Users\szymo\AppData\Local\Programs\MiKTeX\tex/latex/ragged2e\ragged2e.sty
Package: ragged2e 2023/06/22 v3.6 ragged2e Package
\CenteringLeftskip=\skip112
\RaggedLeftLeftskip=\skip113
\RaggedRightLeftskip=\skip114
\CenteringRightskip=\skip115
\RaggedLeftRightskip=\skip116
\RaggedRightRightskip=\skip117
\CenteringParfillskip=\skip118
\RaggedLeftParfillskip=\skip119
\RaggedRightParfillskip=\skip120
\JustifyingParfillskip=\skip121
\CenteringParindent=\skip122
\RaggedLeftParindent=\skip123
\RaggedRightParindent=\skip124
\JustifyingParindent=\skip125
)
LaTeX Font Info:    Trying to load font information for OT4+Crlt-OsF on input line 55.
LaTeX Font Info:    No file OT4Crlt-OsF.fd. on input line 55.


LaTeX Font Warning: Font shape `OT4/Crlt-OsF/m/n' undefined
(Font)              using `OT4/cmr/m/n' instead on input line 55.

(PracaDyplomowa.aux)
\openout1 = `PracaDyplomowa.aux'.

LaTeX Font Info:    Checking defaults for OML/cmm/m/it on input line 55.
LaTeX Font Info:    ... okay on input line 55.
LaTeX Font Info:    Checking defaults for OMS/cmsy/m/n on input line 55.
LaTeX Font Info:    ... okay on input line 55.
LaTeX Font Info:    Checking defaults for OT1/cmr/m/n on input line 55.
LaTeX Font Info:    ... okay on input line 55.
LaTeX Font Info:    Checking defaults for T1/cmr/m/n on input line 55.
LaTeX Font Info:    ... okay on input line 55.
LaTeX Font Info:    Checking defaults for TS1/cmr/m/n on input line 55.
LaTeX Font Info:    ... okay on input line 55.
LaTeX Font Info:    Checking defaults for OMX/cmex/m/n on input line 55.
LaTeX Font Info:    ... okay on input line 55.
LaTeX Font Info:    Checking defaults for U/cmr/m/n on input line 55.
LaTeX Font Info:    ... okay on input line 55.
LaTeX Font Info:    Checking defaults for OT4/cmr/m/n on input line 55.
LaTeX Font Info:    ... okay on input line 55.
LaTeX Font Info:    Checking defaults for PD1/pdf/m/n on input line 55.
LaTeX Font Info:    ... okay on input line 55.
LaTeX Font Info:    Checking defaults for PU/pdf/m/n on input line 55.
LaTeX Font Info:    ... okay on input line 55.
\c@mv@tabular=\count318
\c@mv@boldtabular=\count319
 (C:\Users\szymo\AppData\Local\Programs\MiKTeX\tex/latex/graphics\color.sty
Package: color 2022/01/06 v1.3d Standard LaTeX Color (DPC)
 (C:\Users\szymo\AppData\Local\Programs\MiKTeX\tex/latex/graphics-cfg\color.cfg
File: color.cfg 2016/01/02 v1.6 sample color configuration
)
Package color Info: Driver file: pdftex.def on input line 149.
 (C:\Users\szymo\AppData\Local\Programs\MiKTeX\tex/latex/graphics\mathcolor.ltx))
Package hyperref Info: Link coloring ON on input line 55.

*geometry* driver: auto-detecting
*geometry* detected driver: pdftex
*geometry* verbose mode - [ preamble ] result:
* driver: pdftex
* paper: a4paper
* layout: <same size as paper>
* layoutoffset:(h,v)=(0.0pt,0.0pt)
* bindingoffset: 28.45274pt
* modes: twoside 
* h-part:(L,W,R)=(71.13188pt, 426.79137pt, 71.13188pt)
* v-part:(T,H,B)=(71.13188pt, 702.78308pt, 71.13188pt)
* \paperwidth=597.50787pt
* \paperheight=845.04684pt
* \textwidth=426.79137pt
* \textheight=702.78308pt
* \oddsidemargin=27.31464pt
* \evensidemargin=-1.1381pt
* \topmargin=-56.57784pt
* \headheight=35.56593pt
* \headsep=19.8738pt
* \topskip=12.0pt
* \footskip=38.41139pt
* \marginparwidth=88.0pt
* \marginparsep=7.0pt
* \columnsep=10.0pt
* \skip\footins=10.8pt plus 4.0pt minus 2.0pt
* \hoffset=0.0pt
* \voffset=0.0pt
* \mag=1000
* \@twocolumnfalse
* \@twosidetrue
* \@mparswitchtrue
* \@reversemarginfalse
* (1in=72.27pt=25.4mm, 1cm=28.453pt)

(C:\Users\szymo\AppData\Local\Programs\MiKTeX\tex/context/base/mkii\supp-pdf.mkii
[Loading MPS to PDF converter (version 2006.09.02).]
\scratchcounter=\count320
\scratchdimen=\dimen183
\scratchbox=\box105
\nofMPsegments=\count321
\nofMParguments=\count322
\everyMPshowfont=\toks24
\MPscratchCnt=\count323
\MPscratchDim=\dimen184
\MPnumerator=\count324
\makeMPintoPDFobject=\count325
\everyMPtoPDFconversion=\toks25
) (C:\Users\szymo\AppData\Local\Programs\MiKTeX\tex/latex/epstopdf-pkg\epstopdf-base.sty
Package: epstopdf-base 2020-01-24 v2.11 Base part for package epstopdf
Package epstopdf-base Info: Redefining graphics rule for `.eps' on input line 485.
 (C:\Users\szymo\AppData\Local\Programs\MiKTeX\tex/latex/00miktex\epstopdf-sys.cfg
File: epstopdf-sys.cfg 2021/03/18 v2.0 Configuration of epstopdf for MiKTeX
))
Package caption Info: Begin \AtBeginDocument code.
Package caption Info: subfig package v1.3 is loaded.
Package caption Info: listings package is loaded.
Package caption Info: End \AtBeginDocument code.
\c@lstlisting=\count326
 (C:\Users\szymo\AppData\Local\Programs\MiKTeX\tex/latex/base\inputenc.sty
Package: inputenc 2021/02/14 v1.3d Input encoding file
\inpenc@prehook=\toks26
\inpenc@posthook=\toks27
)

Package hyperref Warning: Token not allowed in a PDF string (Unicode):
(hyperref)                removing `\newline' on input line 55.

(CzescPoczatkowa.tex
<./Ilustracje/politechnika_sl_logo_bw_pion_pl_rgb.png, id=3, 409.7709pt x 547.8066pt>
File: ./Ilustracje/politechnika_sl_logo_bw_pion_pl_rgb.png Graphic file (type png)
<use ./Ilustracje/politechnika_sl_logo_bw_pion_pl_rgb.png>
Package pdftex.def Info: ./Ilustracje/politechnika_sl_logo_bw_pion_pl_rgb.png  used on input line 12.
(pdftex.def)             Requested size: 110.67088pt x 147.95424pt.


LaTeX Font Warning: Font shape `OT4/Crlt-OsF/b/n' undefined
(Font)              using `OT4/Crlt-OsF/m/n' instead on input line 15.


LaTeX Font Warning: Font shape `OT4/Crlt-OsF/b/sc' undefined
(Font)              using `OT4/Crlt-OsF/b/n' instead on input line 15.

[1



{C:/Users/szymo/AppData/Local/MiKTeX/fonts/map/pdftex/pdftex.map}{C:/Users/szymo/AppData/Local/Programs/MiKTeX/fonts/enc/dvips/pl/plrm.enc} <./Ilustracje/politechnika_sl_logo_bw_pion_pl_rgb.png (PNG copy)>]
Underfull \hbox (badness 10000) in paragraph at lines 47--48

 []


Underfull \vbox (badness 3612) has occurred while \output is active []

 [2]

LaTeX Font Warning: Font shape `OT4/Crlt-OsF/m/sl' undefined
(Font)              using `OT4/Crlt-OsF/m/n' instead on input line 51.

[3] [4

] (PracaDyplomowa.toc
LaTeX Font Info:    Trying to load font information for OML+plm on input line 1.
 (C:\Users\szymo\AppData\Local\Programs\MiKTeX\tex/latex/polski\omlplm.fd
File: omlplm.fd 2008/02/24 v1.2.1 Font defs for fonts PL (MW)
)
LaTeX Font Info:    Trying to load font information for OMS+plsy on input line 1.
 (C:\Users\szymo\AppData\Local\Programs\MiKTeX\tex/latex/polski\omsplsy.fd
File: omsplsy.fd 2008/02/24 v1.2.1 Font defs for fonts PL (MW)
)
LaTeX Font Info:    Trying to load font information for OMX+plex on input line 1.
 (C:\Users\szymo\AppData\Local\Programs\MiKTeX\tex/latex/polski\omxplex.fd
File: omxplex.fd 2008/02/24 v1.2.1 Font defs for fonts PL (MW)
)
LaTeX Font Info:    External font `plex10' loaded for size
(Font)              <12> on input line 1.
LaTeX Font Info:    External font `plex10' loaded for size
(Font)              <8> on input line 1.
LaTeX Font Info:    External font `plex10' loaded for size
(Font)              <6> on input line 1.
 [5

] [6])
\tf@toc=\write6
\openout6 = `PracaDyplomowa.toc'.

 [7] [8


] (PracaDyplomowa.lof

LaTeX Font Warning: Font shape `OT4/Crlt-OsF/m/it' undefined
(Font)              using `OT4/Crlt-OsF/m/sl' instead on input line 11.

)
\tf@lof=\write7
\openout7 = `PracaDyplomowa.lof'.

 [9] [10


] (PracaDyplomowa.lot)
\tf@lot=\write8
\openout8 = `PracaDyplomowa.lot'.

 [11] [12


] (PracaDyplomowa.lol)
\tf@lol=\write9
\openout9 = `PracaDyplomowa.lol'.

 [13] [14


]
No file PracaDyplomowa.nls.
) (Rozdzial1.tex
Rozdzia\PlPrIeC {\l } 1.
[15




]
LaTeX Font Info:    Trying to load font information for TS1+Crlt-OsF on input line 20.
 (C:\Users\szymo\AppData\Local\Programs\MiKTeX\tex/latex/carlito\ts1crlt-osf.fd
File: TS1Crlt-OsF.fd 2022/10/05 (autoinst) Font definitions for TS1/Crlt-OsF.
)
Overfull \hbox (5.99164pt too wide) in paragraph at lines 31--32
[]\OT4/Crlt-OsF/m/sl/12 Motywacjˇ jest po-szu-ki-wa-nie bar-dziej pre-cy-zyj-nych i sper-so-na-li-zo-wa-nych wskaą-
 []

[16{C:/Users/szymo/AppData/Local/Programs/MiKTeX/fonts/enc/dvips/carlito/crlt_j4hweq.enc}]) [17] [18


] (Rozdzial2.tex
Rozdzia\PlPrIeC {\l } 2.
[19

] [20]
Overfull \hbox (14.86308pt too wide) in paragraph at lines 51--52
[]\OT4/Crlt-OsF/m/sl/12 Aby zop-ty-ma-li-zo-wa˘ za-si-la-nie ukŞa-du, sko-rzy-sta-no z kon-wer-te-ra na-pi¦-cia LM2695. 
 []


Overfull \hbox (0.60628pt too wide) in paragraph at lines 64--65
[]\OT4/Crlt-OsF/m/sl/12 Nast¦pnie uczest-ni-cy zo-sta-li prze-nie-sie-ni do sy-mu-la-cji wy-siŞ-ku fi-zycz-ne-go, umiesz-
 []

[21]) [22] (Rozdzial3.tex
Rozdzia\PlPrIeC {\l } 3.
<./Ilustracje/mvp_model.png, id=243, 508.90125pt x 178.41656pt>
File: ./Ilustracje/mvp_model.png Graphic file (type png)
<use ./Ilustracje/mvp_model.png>
Package pdftex.def Info: ./Ilustracje/mvp_model.png  used on input line 13.
(pdftex.def)             Requested size: 384.10962pt x 134.66963pt.
[23



] [24 <./Ilustracje/mvp_model.png>]
<./Ilustracje/ekran_startowy.png, id=256, 569.12625pt x 319.1925pt>
File: ./Ilustracje/ekran_startowy.png Graphic file (type png)
<use ./Ilustracje/ekran_startowy.png>
Package pdftex.def Info: ./Ilustracje/ekran_startowy.png  used on input line 32.
(pdftex.def)             Requested size: 384.10962pt x 215.43588pt.
<./Ilustracje/ekran_poziomu.png, id=257, 568.37344pt x 316.18124pt>
File: ./Ilustracje/ekran_poziomu.png Graphic file (type png)
<use ./Ilustracje/ekran_poziomu.png>
Package pdftex.def Info: ./Ilustracje/ekran_poziomu.png  used on input line 39.
(pdftex.def)             Requested size: 384.10962pt x 213.6833pt.
 [25 <./Ilustracje/ekran_startowy.png>]
<./Ilustracje/ekran_badania.png, id=264, 567.62062pt x 287.57437pt>
File: ./Ilustracje/ekran_badania.png Graphic file (type png)
<use ./Ilustracje/ekran_badania.png>
Package pdftex.def Info: ./Ilustracje/ekran_badania.png  used on input line 49.
(pdftex.def)             Requested size: 384.10962pt x 194.60895pt.
 [26 <./Ilustracje/ekran_poziomu.png> <./Ilustracje/ekran_badania.png>]
<./Ilustracje/baza_danych.png, id=272, 222.07968pt x 101.62968pt>
File: ./Ilustracje/baza_danych.png Graphic file (type png)
<use ./Ilustracje/baza_danych.png>
Package pdftex.def Info: ./Ilustracje/baza_danych.png  used on input line 61.
(pdftex.def)             Requested size: 384.10962pt x 175.7921pt.
<./Ilustracje/ekran_wyniki.png, id=273, 567.62062pt x 320.69812pt>
File: ./Ilustracje/ekran_wyniki.png Graphic file (type png)
<use ./Ilustracje/ekran_wyniki.png>
Package pdftex.def Info: ./Ilustracje/ekran_wyniki.png  used on input line 69.
(pdftex.def)             Requested size: 384.10962pt x 217.02463pt.
 [27 <./Ilustracje/baza_danych.png>] [28 <./Ilustracje/ekran_wyniki.png>]) [29] [30


] (Rozdzial4.tex
Rozdzia\PlPrIeC {\l } 4.
<./Ilustracje/uklad_pogladowy.png, id=293, 727.96968pt x 310.91156pt>
File: ./Ilustracje/uklad_pogladowy.png Graphic file (type png)
<use ./Ilustracje/uklad_pogladowy.png>
Package pdftex.def Info: ./Ilustracje/uklad_pogladowy.png  used on input line 6.
(pdftex.def)             Requested size: 384.10962pt x 164.05647pt.

LaTeX Font Warning: Font shape `OT4/Crlt-OsF/m/it' undefined
(Font)              using `OT4/Crlt-OsF/m/sl' instead on input line 7.


LaTeX Font Warning: Font shape `OT4/Crlt-OsF/m/it' undefined
(Font)              using `OT4/Crlt-OsF/m/sl' instead on input line 7.

[31

 <./Ilustracje/uklad_pogladowy.png>]) [32] (Rozdzial5.tex
Rozdzia\PlPrIeC {\l } 5.
[33



]
<./Ilustracje/timeline.png, id=308, 542.77782pt x 261.97874pt>
File: ./Ilustracje/timeline.png Graphic file (type png)
<use ./Ilustracje/timeline.png>
Package pdftex.def Info: ./Ilustracje/timeline.png  used on input line 25.
(pdftex.def)             Requested size: 341.43439pt x 164.80363pt.
 [34]
Overfull \hbox (57.91707pt too wide) in paragraph at lines 41--84
 [][] 
 []

) [35 <./Ilustracje/timeline.png>] [36] (Rozdzial6.tex
Rozdzia\PlPrIeC {\l } 6.
) [37



] [38


] (Rozdzial7.tex
Rozdzia\PlPrIeC {\l } 7.
) [39

] [40


] (Rozdzial8.tex
Rozdzia\PlPrIeC {\l } 8.
) [41

] [42


] (PracaDyplomowa.bbl
LaTeX Font Info:    Trying to load font information for OT4+cmtt on input line 7.
 (C:\Users\szymo\AppData\Local\Programs\MiKTeX\tex/latex/polski\ot4cmtt.fd
File: ot4cmtt.fd 2008/02/24 v1.2.1 Font defs for fonts PL (MW)
)
Underfull \hbox (badness 10000) in paragraph at lines 4--9
[]\OT4/Crlt-OsF/m/sl/12 Florina Mun-te-ne-scu.  An-dro-id Ar-chi-tec-tu-re Pat-terns Part
 []


Underfull \hbox (badness 10000) in paragraph at lines 4--9
\OT4/Crlt-OsF/m/sl/12 2: Model-View-Presenter.  [][]$\OT4/cmtt/m/n/12 https : / / medium . com / upday-[]devs /
 []


Overfull \hbox (31.00029pt too wide) in paragraph at lines 4--9
\OT4/cmtt/m/n/12 android-[]architecture-[]patterns-[]part-[]2-[]model-[]view-[]presenter-[]8a6faaae14a5$[][]\OT4/Crlt-OsF/m/sl/12 ,
 []


Underfull \hbox (badness 1603) in paragraph at lines 11--14
[]\OT4/Crlt-OsF/m/sl/12 Szymon Chmie-lew-ski.  Reflex-App-Java-Firebase.  [][]$\OT4/cmtt/m/n/12 https : / / github . com /
 []

) [43

{C:/Users/szymo/AppData/Local/Programs/MiKTeX/fonts/enc/dvips/pl/pltt.enc}] [44


] (PracaDyplomowa.aux)
 ***********
LaTeX2e <2023-11-01>
L3 programming layer <2020/03/25>
 ***********


LaTeX Font Warning: Some font shapes were not available, defaults substituted.

 ) 
Here is how much of TeX's memory you used:
 16597 strings out of 474587
 277594 string characters out of 5745702
 1942558 words of memory out of 5000000
 38363 multiletter control sequences out of 15000+600000
 564476 words of font info for 53 fonts, out of 8000000 for 9000
 1141 hyphenation exceptions out of 8191
 117i,12n,138p,1506b,621s stack positions out of 10000i,1000n,20000p,200000b,200000s
<C:/Users/szymo/AppData/Local/Programs/MiKTeX/fonts/type1/google/carlito/Crlt-Regular.pfb><C:/Users/szymo/AppData/Local/Programs/MiKTeX/fonts/type1/public/pl/plr12.pfb><C:/Users/szymo/AppData/Local/Programs/MiKTeX/fonts/type1/public/pl/plr17.pfb><C:/Users/szymo/AppData/Local/Programs/MiKTeX/fonts/type1/public/pl/pltt12.pfb>
Output written on PracaDyplomowa.pdf (44 pages, 868159 bytes).
PDF statistics:
 604 PDF objects out of 1000 (max. 8388607)
 116 named destinations out of 1000 (max. 500000)
 558 words of extra memory for PDF output out of 10000 (max. 10000000)

